<?xml version="1.0" encoding="utf-8"?>
<test-run id="2" testcasecount="572" result="Failed(Child)" total="572" passed="568" failed="4" inconclusive="0" skipped="0" asserts="0" engine-version="3.5.0.0" clr-version="4.0.30319.42000" start-time="2026-04-18 13:18:21Z" end-time="2026-04-18 13:18:22Z" duration="1.6825453">
  <test-suite type="TestSuite" id="1621" name="SoulstreamMatchmancer" fullname="SoulstreamMatchmancer" runstate="Runnable" testcasecount="572" result="Failed" site="Child" start-time="2026-04-18 13:18:21Z" end-time="2026-04-18 13:18:22Z" duration="1.682545" total="572" passed="568" failed="4" inconclusive="0" skipped="0" asserts="0">
    <properties>
      <property name="platform" value="EditMode" />
    </properties>
    <failure>
      <message><![CDATA[One or more child tests had errors]]></message>
    </failure>
    <test-suite type="Assembly" id="1613" name="EditModeTests.dll" fullname="/Users/marknp/Final Work/Match Mancer/SoulstreamMatchmancer/Library/ScriptAssemblies/EditModeTests.dll" runstate="Runnable" testcasecount="572" result="Failed" site="Child" start-time="2026-04-18 13:18:21Z" end-time="2026-04-18 13:18:22Z" duration="1.653244" total="572" passed="568" failed="4" inconclusive="0" skipped="0" asserts="0">
      <properties>
        <property name="_PID" value="51175" />
        <property name="_APPDOMAIN" value="Unity Child Domain" />
        <property name="platform" value="EditMode" />
        <property name="EditorOnly" value="True" />
      </properties>
      <failure>
        <message><![CDATA[One or more child tests had errors]]></message>
      </failure>
      <test-suite type="TestSuite" id="1614" name="Matchmancer" fullname="Matchmancer" runstate="Runnable" testcasecount="572" result="Failed" site="Child" start-time="2026-04-18 13:18:21Z" end-time="2026-04-18 13:18:22Z" duration="1.630735" total="572" passed="568" failed="4" inconclusive="0" skipped="0" asserts="0">
        <properties />
        <failure>
          <message><![CDATA[One or more child tests had errors]]></message>
        </failure>
        <test-suite type="TestSuite" id="1615" name="Tests" fullname="Matchmancer.Tests" runstate="Runnable" testcasecount="572" result="Failed" site="Child" start-time="2026-04-18 13:18:21Z" end-time="2026-04-18 13:18:22Z" duration="1.599368" total="572" passed="568" failed="4" inconclusive="0" skipped="0" asserts="0">
          <properties />
          <failure>
            <message><![CDATA[One or more child tests had errors]]></message>
          </failure>
          <test-suite type="TestFixture" id="1001" name="AchievementIntegrationTests" fullname="Matchmancer.Tests.AchievementIntegrationTests" classname="Matchmancer.Tests.AchievementIntegrationTests" runstate="Runnable" testcasecount="10" result="Passed" start-time="2026-04-18 13:18:21Z" end-time="2026-04-18 13:18:21Z" duration="0.281618" total="10" passed="10" failed="0" inconclusive="0" skipped="0" asserts="0">
            <properties />
            <test-case id="1010" name="DamageMilestone_FiresFromLossesToo" fullname="Matchmancer.Tests.AchievementIntegrationTests.DamageMilestone_FiresFromLossesToo" methodname="DamageMilestone_FiresFromLossesToo" classname="Matchmancer.Tests.AchievementIntegrationTests" runstate="Runnable" seed="1421664583" result="Passed" start-time="2026-04-18 13:18:21Z" end-time="2026-04-18 13:18:21Z" duration="0.236642" asserts="0">
              <properties>
                <property name="retryIteration" value="0" />
                <property name="repeatIteration" value="0" />
              </properties>
            </test-case>
            <test-case id="1003" name="Defeat_IncrementsDamageStatsButNotLevelStats" fullname="Matchmancer.Tests.AchievementIntegrationTests.Defeat_IncrementsDamageStatsButNotLevelStats" methodname="Defeat_IncrementsDamageStatsButNotLevelStats" classname="Matchmancer.Tests.AchievementIntegrationTests" runstate="Runnable" seed="662933768" result="Passed" start-time="2026-04-18 13:18:21Z" end-time="2026-04-18 13:18:21Z" duration="0.007944" asserts="0">
              <properties>
                <property name="retryIteration" value="0" />
                <property name="repeatIteration" value="0" />
              </properties>
            </test-case>
            <test-case id="1011" name="EquipUnlockedTitle_PersistsThroughMoreUnlocks" fullname="Matchmancer.Tests.AchievementIntegrationTests.EquipUnlockedTitle_PersistsThroughMoreUnlocks" methodname="EquipUnlockedTitle_PersistsThroughMoreUnlocks" classname="Matchmancer.Tests.AchievementIntegrationTests" runstate="Runnable" seed="1625141141" result="Passed" start-time="2026-04-18 13:18:21Z" end-time="2026-04-18 13:18:21Z" duration="0.010461" asserts="0">
              <properties>
                <property name="retryIteration" value="0" />
                <property name="repeatIteration" value="0" />
              </properties>
            </test-case>
            <test-case id="1009" name="FiveStarAchievement_GrantsTitleAfterFirstFiveStar" fullname="Matchmancer.Tests.AchievementIntegrationTests.FiveStarAchievement_GrantsTitleAfterFirstFiveStar" methodname="FiveStarAchievement_GrantsTitleAfterFirstFiveStar" classname="Matchmancer.Tests.AchievementIntegrationTests" runstate="Runnable" seed="2100983165" result="Passed" start-time="2026-04-18 13:18:21Z" end-time="2026-04-18 13:18:21Z" duration="0.000229" asserts="0">
              <properties>
                <property name="retryIteration" value="0" />
                <property name="repeatIteration" value="0" />
              </properties>
            </test-case>
            <test-case id="1004" name="FiveStarVictory_IncrementsFiveStarCounter" fullname="Matchmancer.Tests.AchievementIntegrationTests.FiveStarVictory_IncrementsFiveStarCounter" methodname="FiveStarVictory_IncrementsFiveStarCounter" classname="Matchmancer.Tests.AchievementIntegrationTests" runstate="Runnable" seed="1819367427" result="Passed" start-time="2026-04-18 13:18:21Z" end-time="2026-04-18 13:18:21Z" duration="0.000115" asserts="0">
              <properties>
                <property name="retryIteration" value="0" />
                <property name="repeatIteration" value="0" />
              </properties>
            </test-case>
            <test-case id="1005" name="FlawlessVictory_IncrementsFlawlessCounter" fullname="Matchmancer.Tests.AchievementIntegrationTests.FlawlessVictory_IncrementsFlawlessCounter" methodname="FlawlessVictory_IncrementsFlawlessCounter" classname="Matchmancer.Tests.AchievementIntegrationTests" runstate="Runnable" seed="1834734929" result="Passed" start-time="2026-04-18 13:18:21Z" end-time="2026-04-18 13:18:21Z" duration="0.000118" asserts="0">
              <properties>
                <property name="retryIteration" value="0" />
                <property name="repeatIteration" value="0" />
              </properties>
            </test-case>
            <test-case id="1007" name="MaxCombo_TracksHighWaterAcrossBattles" fullname="Matchmancer.Tests.AchievementIntegrationTests.MaxCombo_TracksHighWaterAcrossBattles" methodname="MaxCombo_TracksHighWaterAcrossBattles" classname="Matchmancer.Tests.AchievementIntegrationTests" runstate="Runnable" seed="1470792243" result="Passed" start-time="2026-04-18 13:18:21Z" end-time="2026-04-18 13:18:21Z" duration="0.000151" asserts="0">
              <properties>
                <property name="retryIteration" value="0" />
                <property name="repeatIteration" value="0" />
              </properties>
            </test-case>
            <test-case id="1006" name="NonFlawlessVictory_DoesNotIncrementFlawless" fullname="Matchmancer.Tests.AchievementIntegrationTests.NonFlawlessVictory_DoesNotIncrementFlawless" methodname="NonFlawlessVictory_DoesNotIncrementFlawless" classname="Matchmancer.Tests.AchievementIntegrationTests" runstate="Runnable" seed="1396094868" result="Passed" start-time="2026-04-18 13:18:21Z" end-time="2026-04-18 13:18:21Z" duration="0.000095" asserts="0">
              <properties>
                <property name="retryIteration" value="0" />
                <property name="repeatIteration" value="0" />
              </properties>
            </test-case>
            <test-case id="1008" name="TenLevelsAchievement_AutoUnlocksRewardTitle" fullname="Matchmancer.Tests.AchievementIntegrationTests.TenLevelsAchievement_AutoUnlocksRewardTitle" methodname="TenLevelsAchievement_AutoUnlocksRewardTitle" classname="Matchmancer.Tests.AchievementIntegrationTests" runstate="Runnable" seed="2117664766" result="Passed" start-time="2026-04-18 13:18:21Z" end-time="2026-04-18 13:18:21Z" duration="0.000209" asserts="0">
              <properties>
                <property name="retryIteration" value="0" />
                <property name="repeatIteration" value="0" />
              </properties>
            </test-case>
            <test-case id="1002" name="Victory_IncrementsLevelAndKillCounters" fullname="Matchmancer.Tests.AchievementIntegrationTests.Victory_IncrementsLevelAndKillCounters" methodname="Victory_IncrementsLevelAndKillCounters" classname="Matchmancer.Tests.AchievementIntegrationTests" runstate="Runnable" seed="1614608201" result="Passed" start-time="2026-04-18 13:18:21Z" end-time="2026-04-18 13:18:21Z" duration="0.000117" asserts="0">
              <properties>
                <property name="retryIteration" value="0" />
                <property name="repeatIteration" value="0" />
              </properties>
            </test-case>
          </test-suite>
          <test-suite type="TestFixture" id="1012" name="AchievementTrackerTests" fullname="Matchmancer.Tests.AchievementTrackerTests" classname="Matchmancer.Tests.AchievementTrackerTests" runstate="Runnable" testcasecount="15" result="Passed" start-time="2026-04-18 13:18:21Z" end-time="2026-04-18 13:18:21Z" duration="0.169524" total="15" passed="15" failed="0" inconclusive="0" skipped="0" asserts="0">
            <properties />
            <test-case id="1024" name="DefinitionsForOtherKeys_NotChecked" fullname="Matchmancer.Tests.AchievementTrackerTests.DefinitionsForOtherKeys_NotChecked" methodname="DefinitionsForOtherKeys_NotChecked" classname="Matchmancer.Tests.AchievementTrackerTests" runstate="Runnable" seed="655670349" result="Passed" start-time="2026-04-18 13:18:21Z" end-time="2026-04-18 13:18:21Z" duration="0.000277" asserts="0">
              <properties>
                <property name="retryIteration" value="0" />
                <property name="repeatIteration" value="0" />
              </properties>
            </test-case>
            <test-case id="1020" name="IncrementCrossingThreshold_FiresUnlockOnce" fullname="Matchmancer.Tests.AchievementTrackerTests.IncrementCrossingThreshold_FiresUnlockOnce" methodname="IncrementCrossingThreshold_FiresUnlockOnce" classname="Matchmancer.Tests.AchievementTrackerTests" runstate="Runnable" seed="376924381" result="Passed" start-time="2026-04-18 13:18:21Z" end-time="2026-04-18 13:18:21Z" duration="0.024832" asserts="0">
              <properties>
                <property name="retryIteration" value="0" />
                <property name="repeatIteration" value="0" />
              </properties>
            </test-case>
            <test-case id="1014" name="IncrementStat_Adds" fullname="Matchmancer.Tests.AchievementTrackerTests.IncrementStat_Adds" methodname="IncrementStat_Adds" classname="Matchmancer.Tests.AchievementTrackerTests" runstate="Runnable" seed="763425774" result="Passed" start-time="2026-04-18 13:18:21Z" end-time="2026-04-18 13:18:21Z" duration="0.000276" asserts="0">
              <properties>
                <property name="retryIteration" value="0" />
                <property name="repeatIteration" value="0" />
              </properties>
            </test-case>
            <test-case id="1015" name="IncrementStat_FiresOnStatChanged" fullname="Matchmancer.Tests.AchievementTrackerTests.IncrementStat_FiresOnStatChanged" methodname="IncrementStat_FiresOnStatChanged" classname="Matchmancer.Tests.AchievementTrackerTests" runstate="Runnable" seed="642622309" result="Passed" start-time="2026-04-18 13:18:21Z" end-time="2026-04-18 13:18:21Z" duration="0.017743" asserts="0">
              <properties>
                <property name="retryIteration" value="0" />
                <property name="repeatIteration" value="0" />
              </properties>
            </test-case>
            <test-case id="1016" name="IncrementStat_NegativeOrZero_Ignored" fullname="Matchmancer.Tests.AchievementTrackerTests.IncrementStat_NegativeOrZero_Ignored" methodname="IncrementStat_NegativeOrZero_Ignored" classname="Matchmancer.Tests.AchievementTrackerTests" runstate="Runnable" seed="1794258995" result="Passed" start-time="2026-04-18 13:18:21Z" end-time="2026-04-18 13:18:21Z" duration="0.000159" asserts="0">
              <properties>
                <property name="retryIteration" value="0" />
                <property name="repeatIteration" value="0" />
              </properties>
            </test-case>
            <test-case id="1022" name="MultipleAchievementsOnSameKey_AllUnlockAtCorrectThresholds" fullname="Matchmancer.Tests.AchievementTrackerTests.MultipleAchievementsOnSameKey_AllUnlockAtCorrectThresholds" methodname="MultipleAchievementsOnSameKey_AllUnlockAtCorrectThresholds" classname="Matchmancer.Tests.AchievementTrackerTests" runstate="Runnable" seed="1476589695" result="Passed" start-time="2026-04-18 13:18:21Z" end-time="2026-04-18 13:18:21Z" duration="0.000215" asserts="0">
              <properties>
                <property name="retryIteration" value="0" />
                <property name="repeatIteration" value="0" />
              </properties>
            </test-case>
            <test-case id="1013" name="NewTracker_AllStatsZero" fullname="Matchmancer.Tests.AchievementTrackerTests.NewTracker_AllStatsZero" methodname="NewTracker_AllStatsZero" classname="Matchmancer.Tests.AchievementTrackerTests" runstate="Runnable" seed="415857561" result="Passed" start-time="2026-04-18 13:18:21Z" end-time="2026-04-18 13:18:21Z" duration="0.000087" asserts="0">
              <properties>
                <property name="retryIteration" value="0" />
                <property name="repeatIteration" value="0" />
              </properties>
            </test-case>
            <test-case id="1023" name="OneIncrement_CanCrossMultipleThresholdsAtOnce" fullname="Matchmancer.Tests.AchievementTrackerTests.OneIncrement_CanCrossMultipleThresholdsAtOnce" methodname="OneIncrement_CanCrossMultipleThresholdsAtOnce" classname="Matchmancer.Tests.AchievementTrackerTests" runstate="Runnable" seed="1980724942" result="Passed" start-time="2026-04-18 13:18:21Z" end-time="2026-04-18 13:18:21Z" duration="0.003668" asserts="0">
              <properties>
                <property name="retryIteration" value="0" />
                <property name="repeatIteration" value="0" />
              </properties>
            </test-case>
            <test-case id="1025" name="ReevaluateAll_UnlocksMissedAchievements" fullname="Matchmancer.Tests.AchievementTrackerTests.ReevaluateAll_UnlocksMissedAchievements" methodname="ReevaluateAll_UnlocksMissedAchievements" classname="Matchmancer.Tests.AchievementTrackerTests" runstate="Runnable" seed="789160719" result="Passed" start-time="2026-04-18 13:18:21Z" end-time="2026-04-18 13:18:21Z" duration="0.000235" asserts="0">
              <properties>
                <property name="retryIteration" value="0" />
                <property name="repeatIteration" value="0" />
              </properties>
            </test-case>
            <test-case id="1021" name="RegisterAchievement_AfterStatAlreadyMetThreshold_UnlocksImmediately" fullname="Matchmancer.Tests.AchievementTrackerTests.RegisterAchievement_AfterStatAlreadyMetThreshold_UnlocksImmediately" methodname="RegisterAchievement_AfterStatAlreadyMetThreshold_UnlocksImmediately" classname="Matchmancer.Tests.AchievementTrackerTests" runstate="Runnable" seed="1093652878" result="Passed" start-time="2026-04-18 13:18:21Z" end-time="2026-04-18 13:18:21Z" duration="0.000145" asserts="0">
              <properties>
                <property name="retryIteration" value="0" />
                <property name="repeatIteration" value="0" />
              </properties>
            </test-case>
            <test-case id="1019" name="RegisterAchievement_NullOrEmptyId_Throws" fullname="Matchmancer.Tests.AchievementTrackerTests.RegisterAchievement_NullOrEmptyId_Throws" methodname="RegisterAchievement_NullOrEmptyId_Throws" classname="Matchmancer.Tests.AchievementTrackerTests" runstate="Runnable" seed="324391390" result="Passed" start-time="2026-04-18 13:18:21Z" end-time="2026-04-18 13:18:21Z" duration="0.066582" asserts="0">
              <properties>
                <property name="retryIteration" value="0" />
                <property name="repeatIteration" value="0" />
              </properties>
            </test-case>
            <test-case id="1027" name="Snapshot_NullLoad_NoOp" fullname="Matchmancer.Tests.AchievementTrackerTests.Snapshot_NullLoad_NoOp" methodname="Snapshot_NullLoad_NoOp" classname="Matchmancer.Tests.AchievementTrackerTests" runstate="Runnable" seed="2109714535" result="Passed" start-time="2026-04-18 13:18:21Z" end-time="2026-04-18 13:18:21Z" duration="0.004920" asserts="0">
              <properties>
                <property name="retryIteration" value="0" />
                <property name="repeatIteration" value="0" />
              </properties>
            </test-case>
            <test-case id="1026" name="Snapshot_RoundTrip_PreservesStatsAndUnlocks" fullname="Matchmancer.Tests.AchievementTrackerTests.Snapshot_RoundTrip_PreservesStatsAndUnlocks" methodname="Snapshot_RoundTrip_PreservesStatsAndUnlocks" classname="Matchmancer.Tests.AchievementTrackerTests" runstate="Runnable" seed="152645739" result="Passed" start-time="2026-04-18 13:18:21Z" end-time="2026-04-18 13:18:21Z" duration="0.004731" asserts="0">
              <properties>
                <property name="retryIteration" value="0" />
                <property name="repeatIteration" value="0" />
              </properties>
            </test-case>
            <test-case id="1018" name="UpdateMaxStat_NoEventOnIgnore" fullname="Matchmancer.Tests.AchievementTrackerTests.UpdateMaxStat_NoEventOnIgnore" methodname="UpdateMaxStat_NoEventOnIgnore" classname="Matchmancer.Tests.AchievementTrackerTests" runstate="Runnable" seed="178794635" result="Passed" start-time="2026-04-18 13:18:21Z" end-time="2026-04-18 13:18:21Z" duration="0.008946" asserts="0">
              <properties>
                <property name="retryIteration" value="0" />
                <property name="repeatIteration" value="0" />
              </properties>
            </test-case>
            <test-case id="1017" name="UpdateMaxStat_OnlyRaises" fullname="Matchmancer.Tests.AchievementTrackerTests.UpdateMaxStat_OnlyRaises" methodname="UpdateMaxStat_OnlyRaises" classname="Matchmancer.Tests.AchievementTrackerTests" runstate="Runnable" seed="63732591" result="Passed" start-time="2026-04-18 13:18:21Z" end-time="2026-04-18 13:18:21Z" duration="0.000103" asserts="0">
              <properties>
                <property name="retryIteration" value="0" />
                <property name="repeatIteration" value="0" />
              </properties>
            </test-case>
          </test-suite>
          <test-suite type="TestFixture" id="1036" name="BoardTests" fullname="Matchmancer.Tests.BoardTests" classname="Matchmancer.Tests.BoardTests" runstate="Runnable" testcasecount="6" result="Failed" site="Child" start-time="2026-04-18 13:18:21Z" end-time="2026-04-18 13:18:21Z" duration="0.106766" total="6" passed="5" failed="1" inconclusive="0" skipped="0" asserts="0">
            <properties />
            <failure>
              <message><![CDATA[One or more child tests had errors]]></message>
            </failure>
            <test-case id="1042" name="ClearTile_MakesTileEmpty" fullname="Matchmancer.Tests.BoardTests.ClearTile_MakesTileEmpty" methodname="ClearTile_MakesTileEmpty" classname="Matchmancer.Tests.BoardTests" runstate="Runnable" seed="895975722" result="Passed" start-time="2026-04-18 13:18:21Z" end-time="2026-04-18 13:18:21Z" duration="0.009683" asserts="0">
              <properties>
                <property name="retryIteration" value="0" />
                <property name="repeatIteration" value="0" />
              </properties>
            </test-case>
            <test-case id="1037" name="Initialize_AllCellsPopulated" fullname="Matchmancer.Tests.BoardTests.Initialize_AllCellsPopulated" methodname="Initialize_AllCellsPopulated" classname="Matchmancer.Tests.BoardTests" runstate="Runnable" seed="1356960840" result="Passed" start-time="2026-04-18 13:18:21Z" end-time="2026-04-18 13:18:21Z" duration="0.019839" asserts="0">
              <properties>
                <property name="retryIteration" value="0" />
                <property name="repeatIteration" value="0" />
              </properties>
            </test-case>
            <test-case id="1039" name="IsInBounds_OutOfBounds_ReturnsFalse" fullname="Matchmancer.Tests.BoardTests.IsInBounds_OutOfBounds_ReturnsFalse" methodname="IsInBounds_OutOfBounds_ReturnsFalse" classname="Matchmancer.Tests.BoardTests" runstate="Runnable" seed="1866474136" result="Failed" start-time="2026-04-18 13:18:21Z" end-time="2026-04-18 13:18:21Z" duration="0.067280" asserts="0">
              <properties>
                <property name="retryIteration" value="0" />
                <property name="repeatIteration" value="0" />
              </properties>
              <failure>
                <message><![CDATA[  Expected: False
  But was:  True
]]></message>
                <stack-trace><![CDATA[at Matchmancer.Tests.BoardTests.IsInBounds_OutOfBounds_ReturnsFalse () [0x00014] in /Users/marknp/Final Work/Match Mancer/SoulstreamMatchmancer/Assets/Tests/EditMode/BoardTests.cs:105
]]></stack-trace>
              </failure>
            </test-case>
            <test-case id="1038" name="IsInBounds_ValidPosition_ReturnsTrue" fullname="Matchmancer.Tests.BoardTests.IsInBounds_ValidPosition_ReturnsTrue" methodname="IsInBounds_ValidPosition_ReturnsTrue" classname="Matchmancer.Tests.BoardTests" runstate="Runnable" seed="907371038" result="Passed" start-time="2026-04-18 13:18:21Z" end-time="2026-04-18 13:18:21Z" duration="0.000180" asserts="0">
              <properties>
                <property name="retryIteration" value="0" />
                <property name="repeatIteration" value="0" />
              </properties>
            </test-case>
            <test-case id="1041" name="StoneBlock_SetAndQuery" fullname="Matchmancer.Tests.BoardTests.StoneBlock_SetAndQuery" methodname="StoneBlock_SetAndQuery" classname="Matchmancer.Tests.BoardTests" runstate="Runnable" seed="541276948" result="Passed" start-time="2026-04-18 13:18:21Z" end-time="2026-04-18 13:18:21Z" duration="0.000193" asserts="0">
              <properties>
                <property name="retryIteration" value="0" />
                <property name="repeatIteration" value="0" />
              </properties>
            </test-case>
            <test-case id="1040" name="SwapTiles_SwapsTypesAndPositions" fullname="Matchmancer.Tests.BoardTests.SwapTiles_SwapsTypesAndPositions" methodname="SwapTiles_SwapsTypesAndPositions" classname="Matchmancer.Tests.BoardTests" runstate="Runnable" seed="1596371435" result="Passed" start-time="2026-04-18 13:18:21Z" end-time="2026-04-18 13:18:21Z" duration="0.000301" asserts="0">
              <properties>
                <property name="retryIteration" value="0" />
                <property name="repeatIteration" value="0" />
              </properties>
            </test-case>
          </test-suite>
          <test-suite type="TestFixture" id="1043" name="BoosterIntegrationTests" fullname="Matchmancer.Tests.BoosterIntegrationTests" classname="Matchmancer.Tests.BoosterIntegrationTests" runstate="Runnable" testcasecount="10" result="Passed" start-time="2026-04-18 13:18:21Z" end-time="2026-04-18 13:18:21Z" duration="0.072341" total="10" passed="10" failed="0" inconclusive="0" skipped="0" asserts="0">
            <properties />
            <test-case id="1045" name="BattleFlow_PreBattleAndInBattleSeparation" fullname="Matchmancer.Tests.BoosterIntegrationTests.BattleFlow_PreBattleAndInBattleSeparation" methodname="BattleFlow_PreBattleAndInBattleSeparation" classname="Matchmancer.Tests.BoosterIntegrationTests" runstate="Runnable" seed="1654105844" result="Passed" start-time="2026-04-18 13:18:21Z" end-time="2026-04-18 13:18:21Z" duration="0.014929" asserts="0">
              <properties>
                <property name="retryIteration" value="0" />
                <property name="repeatIteration" value="0" />
              </properties>
            </test-case>
            <test-case id="1052" name="ClearAll_LeavesLifetimeStatsAlone" fullname="Matchmancer.Tests.BoosterIntegrationTests.ClearAll_LeavesLifetimeStatsAlone" methodname="ClearAll_LeavesLifetimeStatsAlone" classname="Matchmancer.Tests.BoosterIntegrationTests" runstate="Runnable" seed="1548998261" result="Passed" start-time="2026-04-18 13:18:21Z" end-time="2026-04-18 13:18:21Z" duration="0.000555" asserts="0">
              <properties>
                <property name="retryIteration" value="0" />
                <property name="repeatIteration" value="0" />
              </properties>
            </test-case>
            <test-case id="1048" name="DefinitionRemoved_LifetimeStatsPreserved" fullname="Matchmancer.Tests.BoosterIntegrationTests.DefinitionRemoved_LifetimeStatsPreserved" methodname="DefinitionRemoved_LifetimeStatsPreserved" classname="Matchmancer.Tests.BoosterIntegrationTests" runstate="Runnable" seed="1001076363" result="Passed" start-time="2026-04-18 13:18:21Z" end-time="2026-04-18 13:18:21Z" duration="0.004007" asserts="0">
              <properties>
                <property name="retryIteration" value="0" />
                <property name="repeatIteration" value="0" />
              </properties>
            </test-case>
            <test-case id="1049" name="EventReplay_AllConsumersFireOncePerAction" fullname="Matchmancer.Tests.BoosterIntegrationTests.EventReplay_AllConsumersFireOncePerAction" methodname="EventReplay_AllConsumersFireOncePerAction" classname="Matchmancer.Tests.BoosterIntegrationTests" runstate="Runnable" seed="1644020862" result="Passed" start-time="2026-04-18 13:18:21Z" end-time="2026-04-18 13:18:21Z" duration="0.006599" asserts="0">
              <properties>
                <property name="retryIteration" value="0" />
                <property name="repeatIteration" value="0" />
              </properties>
            </test-case>
            <test-case id="1046" name="HealBoosterAnywhere_BothContextsConsume" fullname="Matchmancer.Tests.BoosterIntegrationTests.HealBoosterAnywhere_BothContextsConsume" methodname="HealBoosterAnywhere_BothContextsConsume" classname="Matchmancer.Tests.BoosterIntegrationTests" runstate="Runnable" seed="1584389388" result="Passed" start-time="2026-04-18 13:18:21Z" end-time="2026-04-18 13:18:21Z" duration="0.000147" asserts="0">
              <properties>
                <property name="retryIteration" value="0" />
                <property name="repeatIteration" value="0" />
              </properties>
            </test-case>
            <test-case id="1051" name="LifetimeStats_StableAcrossManyOperations" fullname="Matchmancer.Tests.BoosterIntegrationTests.LifetimeStats_StableAcrossManyOperations" methodname="LifetimeStats_StableAcrossManyOperations" classname="Matchmancer.Tests.BoosterIntegrationTests" runstate="Runnable" seed="975041284" result="Passed" start-time="2026-04-18 13:18:21Z" end-time="2026-04-18 13:18:21Z" duration="0.000136" asserts="0">
              <properties>
                <property name="retryIteration" value="0" />
                <property name="repeatIteration" value="0" />
              </properties>
            </test-case>
            <test-case id="1050" name="MaxStack_PreventsOverPurchase" fullname="Matchmancer.Tests.BoosterIntegrationTests.MaxStack_PreventsOverPurchase" methodname="MaxStack_PreventsOverPurchase" classname="Matchmancer.Tests.BoosterIntegrationTests" runstate="Runnable" seed="1898276871" result="Passed" start-time="2026-04-18 13:18:21Z" end-time="2026-04-18 13:18:21Z" duration="0.000128" asserts="0">
              <properties>
                <property name="retryIteration" value="0" />
                <property name="repeatIteration" value="0" />
              </properties>
            </test-case>
            <test-case id="1053" name="MultipleBoosterTypes_IndependentTracking" fullname="Matchmancer.Tests.BoosterIntegrationTests.MultipleBoosterTypes_IndependentTracking" methodname="MultipleBoosterTypes_IndependentTracking" classname="Matchmancer.Tests.BoosterIntegrationTests" runstate="Runnable" seed="866506328" result="Passed" start-time="2026-04-18 13:18:21Z" end-time="2026-04-18 13:18:21Z" duration="0.000106" asserts="0">
              <properties>
                <property name="retryIteration" value="0" />
                <property name="repeatIteration" value="0" />
              </properties>
            </test-case>
            <test-case id="1047" name="SaveLoad_RoundTripPreservesEverything" fullname="Matchmancer.Tests.BoosterIntegrationTests.SaveLoad_RoundTripPreservesEverything" methodname="SaveLoad_RoundTripPreservesEverything" classname="Matchmancer.Tests.BoosterIntegrationTests" runstate="Runnable" seed="147523537" result="Passed" start-time="2026-04-18 13:18:21Z" end-time="2026-04-18 13:18:21Z" duration="0.034380" asserts="0">
              <properties>
                <property name="retryIteration" value="0" />
                <property name="repeatIteration" value="0" />
              </properties>
            </test-case>
            <test-case id="1044" name="ShopPurchaseFlow_PopulatesInventory" fullname="Matchmancer.Tests.BoosterIntegrationTests.ShopPurchaseFlow_PopulatesInventory" methodname="ShopPurchaseFlow_PopulatesInventory" classname="Matchmancer.Tests.BoosterIntegrationTests" runstate="Runnable" seed="261334276" result="Passed" start-time="2026-04-18 13:18:21Z" end-time="2026-04-18 13:18:21Z" duration="0.006105" asserts="0">
              <properties>
                <property name="retryIteration" value="0" />
                <property name="repeatIteration" value="0" />
              </properties>
            </test-case>
          </test-suite>
          <test-suite type="TestFixture" id="1054" name="BoosterInventoryTests" fullname="Matchmancer.Tests.BoosterInventoryTests" classname="Matchmancer.Tests.BoosterInventoryTests" runstate="Runnable" testcasecount="25" result="Passed" start-time="2026-04-18 13:18:21Z" end-time="2026-04-18 13:18:21Z" duration="0.039232" total="25" passed="25" failed="0" inconclusive="0" skipped="0" asserts="0">
            <properties />
            <test-case id="1062" name="Add_ClampsToMaxStack" fullname="Matchmancer.Tests.BoosterInventoryTests.Add_ClampsToMaxStack" methodname="Add_ClampsToMaxStack" classname="Matchmancer.Tests.BoosterInventoryTests" runstate="Runnable" seed="1604885419" result="Passed" start-time="2026-04-18 13:18:21Z" end-time="2026-04-18 13:18:21Z" duration="0.001579" asserts="0">
              <properties>
                <property name="retryIteration" value="0" />
                <property name="repeatIteration" value="0" />
              </properties>
            </test-case>
            <test-case id="1061" name="Add_IncrementsCountAndFiresEvents" fullname="Matchmancer.Tests.BoosterInventoryTests.Add_IncrementsCountAndFiresEvents" methodname="Add_IncrementsCountAndFiresEvents" classname="Matchmancer.Tests.BoosterInventoryTests" runstate="Runnable" seed="1592958697" result="Passed" start-time="2026-04-18 13:18:21Z" end-time="2026-04-18 13:18:21Z" duration="0.000304" asserts="0">
              <properties>
                <property name="retryIteration" value="0" />
                <property name="repeatIteration" value="0" />
              </properties>
            </test-case>
            <test-case id="1060" name="Add_NegativeOrZero_NoOp" fullname="Matchmancer.Tests.BoosterInventoryTests.Add_NegativeOrZero_NoOp" methodname="Add_NegativeOrZero_NoOp" classname="Matchmancer.Tests.BoosterInventoryTests" runstate="Runnable" seed="1906947465" result="Passed" start-time="2026-04-18 13:18:21Z" end-time="2026-04-18 13:18:21Z" duration="0.000153" asserts="0">
              <properties>
                <property name="retryIteration" value="0" />
                <property name="repeatIteration" value="0" />
              </properties>
            </test-case>
            <test-case id="1059" name="Add_UnknownIdThrows" fullname="Matchmancer.Tests.BoosterInventoryTests.Add_UnknownIdThrows" methodname="Add_UnknownIdThrows" classname="Matchmancer.Tests.BoosterInventoryTests" runstate="Runnable" seed="1030694486" result="Passed" start-time="2026-04-18 13:18:21Z" end-time="2026-04-18 13:18:21Z" duration="0.000380" asserts="0">
              <properties>
                <property name="retryIteration" value="0" />
                <property name="repeatIteration" value="0" />
              </properties>
            </test-case>
            <test-case id="1063" name="Add_ZeroMaxStackMeansUnlimited" fullname="Matchmancer.Tests.BoosterInventoryTests.Add_ZeroMaxStackMeansUnlimited" methodname="Add_ZeroMaxStackMeansUnlimited" classname="Matchmancer.Tests.BoosterInventoryTests" runstate="Runnable" seed="752982252" result="Passed" start-time="2026-04-18 13:18:21Z" end-time="2026-04-18 13:18:21Z" duration="0.000129" asserts="0">
              <properties>
                <property name="retryIteration" value="0" />
                <property name="repeatIteration" value="0" />
              </properties>
            </test-case>
            <test-case id="1069" name="CanUse_ReportsCorrectly" fullname="Matchmancer.Tests.BoosterInventoryTests.CanUse_ReportsCorrectly" methodname="CanUse_ReportsCorrectly" classname="Matchmancer.Tests.BoosterInventoryTests" runstate="Runnable" seed="559308731" result="Passed" start-time="2026-04-18 13:18:21Z" end-time="2026-04-18 13:18:21Z" duration="0.000121" asserts="0">
              <properties>
                <property name="retryIteration" value="0" />
                <property name="repeatIteration" value="0" />
              </properties>
            </test-case>
            <test-case id="1075" name="ClearAll_ZeroesEverything" fullname="Matchmancer.Tests.BoosterInventoryTests.ClearAll_ZeroesEverything" methodname="ClearAll_ZeroesEverything" classname="Matchmancer.Tests.BoosterInventoryTests" runstate="Runnable" seed="1759364013" result="Passed" start-time="2026-04-18 13:18:21Z" end-time="2026-04-18 13:18:21Z" duration="0.000118" asserts="0">
              <properties>
                <property name="retryIteration" value="0" />
                <property name="repeatIteration" value="0" />
              </properties>
            </test-case>
            <test-case id="1072" name="GetCountByType_SumsAcrossDefinitions" fullname="Matchmancer.Tests.BoosterInventoryTests.GetCountByType_SumsAcrossDefinitions" methodname="GetCountByType_SumsAcrossDefinitions" classname="Matchmancer.Tests.BoosterInventoryTests" runstate="Runnable" seed="1082071349" result="Passed" start-time="2026-04-18 13:18:21Z" end-time="2026-04-18 13:18:21Z" duration="0.000263" asserts="0">
              <properties>
                <property name="retryIteration" value="0" />
                <property name="repeatIteration" value="0" />
              </properties>
            </test-case>
            <test-case id="1058" name="HasDefinition_HandlesNullAndUnknown" fullname="Matchmancer.Tests.BoosterInventoryTests.HasDefinition_HandlesNullAndUnknown" methodname="HasDefinition_HandlesNullAndUnknown" classname="Matchmancer.Tests.BoosterInventoryTests" runstate="Runnable" seed="340249413" result="Passed" start-time="2026-04-18 13:18:21Z" end-time="2026-04-18 13:18:21Z" duration="0.000129" asserts="0">
              <properties>
                <property name="retryIteration" value="0" />
                <property name="repeatIteration" value="0" />
              </properties>
            </test-case>
            <test-case id="1070" name="Purchase_AddsAndIncrementsLifetime" fullname="Matchmancer.Tests.BoosterInventoryTests.Purchase_AddsAndIncrementsLifetime" methodname="Purchase_AddsAndIncrementsLifetime" classname="Matchmancer.Tests.BoosterInventoryTests" runstate="Runnable" seed="341398410" result="Passed" start-time="2026-04-18 13:18:21Z" end-time="2026-04-18 13:18:21Z" duration="0.000102" asserts="0">
              <properties>
                <property name="retryIteration" value="0" />
                <property name="repeatIteration" value="0" />
              </properties>
            </test-case>
            <test-case id="1071" name="Purchase_RespectsMaxStack_OnlyCountsAdded" fullname="Matchmancer.Tests.BoosterInventoryTests.Purchase_RespectsMaxStack_OnlyCountsAdded" methodname="Purchase_RespectsMaxStack_OnlyCountsAdded" classname="Matchmancer.Tests.BoosterInventoryTests" runstate="Runnable" seed="1522376789" result="Passed" start-time="2026-04-18 13:18:21Z" end-time="2026-04-18 13:18:21Z" duration="0.000069" asserts="0">
              <properties>
                <property name="retryIteration" value="0" />
                <property name="repeatIteration" value="0" />
              </properties>
            </test-case>
            <test-case id="1056" name="RegisterDefinition_EmptyIdThrows" fullname="Matchmancer.Tests.BoosterInventoryTests.RegisterDefinition_EmptyIdThrows" methodname="RegisterDefinition_EmptyIdThrows" classname="Matchmancer.Tests.BoosterInventoryTests" runstate="Runnable" seed="1306860875" result="Passed" start-time="2026-04-18 13:18:21Z" end-time="2026-04-18 13:18:21Z" duration="0.001817" asserts="0">
              <properties>
                <property name="retryIteration" value="0" />
                <property name="repeatIteration" value="0" />
              </properties>
            </test-case>
            <test-case id="1057" name="RegisterDefinition_FiresEvent" fullname="Matchmancer.Tests.BoosterInventoryTests.RegisterDefinition_FiresEvent" methodname="RegisterDefinition_FiresEvent" classname="Matchmancer.Tests.BoosterInventoryTests" runstate="Runnable" seed="360158888" result="Passed" start-time="2026-04-18 13:18:21Z" end-time="2026-04-18 13:18:21Z" duration="0.001691" asserts="0">
              <properties>
                <property name="retryIteration" value="0" />
                <property name="repeatIteration" value="0" />
              </properties>
            </test-case>
            <test-case id="1055" name="RegisterDefinition_NullThrows" fullname="Matchmancer.Tests.BoosterInventoryTests.RegisterDefinition_NullThrows" methodname="RegisterDefinition_NullThrows" classname="Matchmancer.Tests.BoosterInventoryTests" runstate="Runnable" seed="522212198" result="Passed" start-time="2026-04-18 13:18:21Z" end-time="2026-04-18 13:18:21Z" duration="0.002469" asserts="0">
              <properties>
                <property name="retryIteration" value="0" />
                <property name="repeatIteration" value="0" />
              </properties>
            </test-case>
            <test-case id="1073" name="SetCountRaw_ClampsAndFiresOnCountChangedOnly" fullname="Matchmancer.Tests.BoosterInventoryTests.SetCountRaw_ClampsAndFiresOnCountChangedOnly" methodname="SetCountRaw_ClampsAndFiresOnCountChangedOnly" classname="Matchmancer.Tests.BoosterInventoryTests" runstate="Runnable" seed="379361646" result="Passed" start-time="2026-04-18 13:18:21Z" end-time="2026-04-18 13:18:21Z" duration="0.001848" asserts="0">
              <properties>
                <property name="retryIteration" value="0" />
                <property name="repeatIteration" value="0" />
              </properties>
            </test-case>
            <test-case id="1074" name="SetCountRaw_NoChangeNoEvent" fullname="Matchmancer.Tests.BoosterInventoryTests.SetCountRaw_NoChangeNoEvent" methodname="SetCountRaw_NoChangeNoEvent" classname="Matchmancer.Tests.BoosterInventoryTests" runstate="Runnable" seed="52524646" result="Passed" start-time="2026-04-18 13:18:21Z" end-time="2026-04-18 13:18:21Z" duration="0.000161" asserts="0">
              <properties>
                <property name="retryIteration" value="0" />
                <property name="repeatIteration" value="0" />
              </properties>
            </test-case>
            <test-case id="1078" name="Snapshot_DropsUnknownIdsOnLoad" fullname="Matchmancer.Tests.BoosterInventoryTests.Snapshot_DropsUnknownIdsOnLoad" methodname="Snapshot_DropsUnknownIdsOnLoad" classname="Matchmancer.Tests.BoosterInventoryTests" runstate="Runnable" seed="2066026802" result="Passed" start-time="2026-04-18 13:18:21Z" end-time="2026-04-18 13:18:21Z" duration="0.000851" asserts="0">
              <properties>
                <property name="retryIteration" value="0" />
                <property name="repeatIteration" value="0" />
              </properties>
            </test-case>
            <test-case id="1079" name="Snapshot_ExcludesZeroCounts" fullname="Matchmancer.Tests.BoosterInventoryTests.Snapshot_ExcludesZeroCounts" methodname="Snapshot_ExcludesZeroCounts" classname="Matchmancer.Tests.BoosterInventoryTests" runstate="Runnable" seed="1417009309" result="Passed" start-time="2026-04-18 13:18:21Z" end-time="2026-04-18 13:18:21Z" duration="0.000119" asserts="0">
              <properties>
                <property name="retryIteration" value="0" />
                <property name="repeatIteration" value="0" />
              </properties>
            </test-case>
            <test-case id="1077" name="Snapshot_NullLoadIsNoOp" fullname="Matchmancer.Tests.BoosterInventoryTests.Snapshot_NullLoadIsNoOp" methodname="Snapshot_NullLoadIsNoOp" classname="Matchmancer.Tests.BoosterInventoryTests" runstate="Runnable" seed="1215196153" result="Passed" start-time="2026-04-18 13:18:21Z" end-time="2026-04-18 13:18:21Z" duration="0.000060" asserts="0">
              <properties>
                <property name="retryIteration" value="0" />
                <property name="repeatIteration" value="0" />
              </properties>
            </test-case>
            <test-case id="1076" name="Snapshot_RoundTripsCountsAndLifetime" fullname="Matchmancer.Tests.BoosterInventoryTests.Snapshot_RoundTripsCountsAndLifetime" methodname="Snapshot_RoundTripsCountsAndLifetime" classname="Matchmancer.Tests.BoosterInventoryTests" runstate="Runnable" seed="864988928" result="Passed" start-time="2026-04-18 13:18:21Z" end-time="2026-04-18 13:18:21Z" duration="0.000110" asserts="0">
              <properties>
                <property name="retryIteration" value="0" />
                <property name="repeatIteration" value="0" />
              </properties>
            </test-case>
            <test-case id="1068" name="Use_AnywhereContextWorksInBoth" fullname="Matchmancer.Tests.BoosterInventoryTests.Use_AnywhereContextWorksInBoth" methodname="Use_AnywhereContextWorksInBoth" classname="Matchmancer.Tests.BoosterInventoryTests" runstate="Runnable" seed="716737246" result="Passed" start-time="2026-04-18 13:18:21Z" end-time="2026-04-18 13:18:21Z" duration="0.001499" asserts="0">
              <properties>
                <property name="retryIteration" value="0" />
                <property name="repeatIteration" value="0" />
              </properties>
            </test-case>
            <test-case id="1064" name="Use_DecrementsAndFiresEvents" fullname="Matchmancer.Tests.BoosterInventoryTests.Use_DecrementsAndFiresEvents" methodname="Use_DecrementsAndFiresEvents" classname="Matchmancer.Tests.BoosterInventoryTests" runstate="Runnable" seed="569918919" result="Passed" start-time="2026-04-18 13:18:21Z" end-time="2026-04-18 13:18:21Z" duration="0.000126" asserts="0">
              <properties>
                <property name="retryIteration" value="0" />
                <property name="repeatIteration" value="0" />
              </properties>
            </test-case>
            <test-case id="1066" name="Use_FailsForUnknownId" fullname="Matchmancer.Tests.BoosterInventoryTests.Use_FailsForUnknownId" methodname="Use_FailsForUnknownId" classname="Matchmancer.Tests.BoosterInventoryTests" runstate="Runnable" seed="1912728801" result="Passed" start-time="2026-04-18 13:18:21Z" end-time="2026-04-18 13:18:21Z" duration="0.000050" asserts="0">
              <properties>
                <property name="retryIteration" value="0" />
                <property name="repeatIteration" value="0" />
              </properties>
            </test-case>
            <test-case id="1065" name="Use_FailsWhenEmpty" fullname="Matchmancer.Tests.BoosterInventoryTests.Use_FailsWhenEmpty" methodname="Use_FailsWhenEmpty" classname="Matchmancer.Tests.BoosterInventoryTests" runstate="Runnable" seed="2000786961" result="Passed" start-time="2026-04-18 13:18:21Z" end-time="2026-04-18 13:18:21Z" duration="0.000058" asserts="0">
              <properties>
                <property name="retryIteration" value="0" />
                <property name="repeatIteration" value="0" />
              </properties>
            </test-case>
            <test-case id="1067" name="Use_RespectsContext" fullname="Matchmancer.Tests.BoosterInventoryTests.Use_RespectsContext" methodname="Use_RespectsContext" classname="Matchmancer.Tests.BoosterInventoryTests" runstate="Runnable" seed="645598047" result="Passed" start-time="2026-04-18 13:18:21Z" end-time="2026-04-18 13:18:21Z" duration="0.000093" asserts="0">
              <properties>
                <property name="retryIteration" value="0" />
                <property name="repeatIteration" value="0" />
              </properties>
            </test-case>
          </test-suite>
          <test-suite type="TestFixture" id="1080" name="BossMechanicTests" fullname="Matchmancer.Tests.BossMechanicTests" classname="Matchmancer.Tests.BossMechanicTests" runstate="Runnable" testcasecount="4" result="Passed" start-time="2026-04-18 13:18:21Z" end-time="2026-04-18 13:18:21Z" duration="0.034203" total="4" passed="4" failed="0" inconclusive="0" skipped="0" asserts="0">
            <properties />
            <test-case id="1083" name="SpreadStones_AddsAdjacentToExisting" fullname="Matchmancer.Tests.BossMechanicTests.SpreadStones_AddsAdjacentToExisting" methodname="SpreadStones_AddsAdjacentToExisting" classname="Matchmancer.Tests.BossMechanicTests" runstate="Runnable" seed="1106478133" result="Passed" start-time="2026-04-18 13:18:21Z" end-time="2026-04-18 13:18:21Z" duration="0.027294" asserts="0">
              <properties>
                <property name="retryIteration" value="0" />
                <property name="repeatIteration" value="0" />
              </properties>
            </test-case>
            <test-case id="1081" name="SpreadStones_NotTriggered_BeforeInterval" fullname="Matchmancer.Tests.BossMechanicTests.SpreadStones_NotTriggered_BeforeInterval" methodname="SpreadStones_NotTriggered_BeforeInterval" classname="Matchmancer.Tests.BossMechanicTests" runstate="Runnable" seed="8509656" result="Passed" start-time="2026-04-18 13:18:21Z" end-time="2026-04-18 13:18:21Z" duration="0.000207" asserts="0">
              <properties>
                <property name="retryIteration" value="0" />
                <property name="repeatIteration" value="0" />
              </properties>
            </test-case>
            <test-case id="1082" name="SpreadStones_Triggered_AtInterval" fullname="Matchmancer.Tests.BossMechanicTests.SpreadStones_Triggered_AtInterval" methodname="SpreadStones_Triggered_AtInterval" classname="Matchmancer.Tests.BossMechanicTests" runstate="Runnable" seed="473366201" result="Passed" start-time="2026-04-18 13:18:21Z" end-time="2026-04-18 13:18:21Z" duration="0.000199" asserts="0">
              <properties>
                <property name="retryIteration" value="0" />
                <property name="repeatIteration" value="0" />
              </properties>
            </test-case>
            <test-case id="1084" name="SpreadStones_TriggeredAgain_AtDoubleInterval" fullname="Matchmancer.Tests.BossMechanicTests.SpreadStones_TriggeredAgain_AtDoubleInterval" methodname="SpreadStones_TriggeredAgain_AtDoubleInterval" classname="Matchmancer.Tests.BossMechanicTests" runstate="Runnable" seed="687849344" result="Passed" start-time="2026-04-18 13:18:21Z" end-time="2026-04-18 13:18:21Z" duration="0.000166" asserts="0">
              <properties>
                <property name="retryIteration" value="0" />
                <property name="repeatIteration" value="0" />
              </properties>
            </test-case>
          </test-suite>
          <test-suite type="TestFixture" id="1085" name="CharacterRuntimeTests" fullname="Matchmancer.Tests.CharacterRuntimeTests" classname="Matchmancer.Tests.CharacterRuntimeTests" runstate="Runnable" testcasecount="40" result="Passed" start-time="2026-04-18 13:18:21Z" end-time="2026-04-18 13:18:21Z" duration="0.033648" total="40" passed="40" failed="0" inconclusive="0" skipped="0" asserts="0">
            <properties />
            <test-case id="1104" name="AddEnergy_CapsAtMaxEnergy" fullname="Matchmancer.Tests.CharacterRuntimeTests.AddEnergy_CapsAtMaxEnergy" methodname="AddEnergy_CapsAtMaxEnergy" classname="Matchmancer.Tests.CharacterRuntimeTests" runstate="Runnable" seed="1819334429" result="Passed" start-time="2026-04-18 13:18:21Z" end-time="2026-04-18 13:18:21Z" duration="0.006636" asserts="0">
              <properties>
                <property name="retryIteration" value="0" />
                <property name="repeatIteration" value="0" />
              </properties>
            </test-case>
            <test-case id="1105" name="AddEnergy_FillsToMax_FiresUltimateReady" fullname="Matchmancer.Tests.CharacterRuntimeTests.AddEnergy_FillsToMax_FiresUltimateReady" methodname="AddEnergy_FillsToMax_FiresUltimateReady" classname="Matchmancer.Tests.CharacterRuntimeTests" runstate="Runnable" seed="1655822827" result="Passed" start-time="2026-04-18 13:18:21Z" end-time="2026-04-18 13:18:21Z" duration="0.000235" asserts="0">
              <properties>
                <property name="retryIteration" value="0" />
                <property name="repeatIteration" value="0" />
              </properties>
            </test-case>
            <test-case id="1106" name="AddEnergy_OnUltimateReadyFiresOnce" fullname="Matchmancer.Tests.CharacterRuntimeTests.AddEnergy_OnUltimateReadyFiresOnce" methodname="AddEnergy_OnUltimateReadyFiresOnce" classname="Matchmancer.Tests.CharacterRuntimeTests" runstate="Runnable" seed="933821352" result="Passed" start-time="2026-04-18 13:18:21Z" end-time="2026-04-18 13:18:21Z" duration="0.000134" asserts="0">
              <properties>
                <property name="retryIteration" value="0" />
                <property name="repeatIteration" value="0" />
              </properties>
            </test-case>
            <test-case id="1115" name="AddShield_Additive" fullname="Matchmancer.Tests.CharacterRuntimeTests.AddShield_Additive" methodname="AddShield_Additive" classname="Matchmancer.Tests.CharacterRuntimeTests" runstate="Runnable" seed="1603498653" result="Passed" start-time="2026-04-18 13:18:21Z" end-time="2026-04-18 13:18:21Z" duration="0.000133" asserts="0">
              <properties>
                <property name="retryIteration" value="0" />
                <property name="repeatIteration" value="0" />
              </properties>
            </test-case>
            <test-case id="1116" name="AddShield_FiresEvent" fullname="Matchmancer.Tests.CharacterRuntimeTests.AddShield_FiresEvent" methodname="AddShield_FiresEvent" classname="Matchmancer.Tests.CharacterRuntimeTests" runstate="Runnable" seed="1983034902" result="Passed" start-time="2026-04-18 13:18:21Z" end-time="2026-04-18 13:18:21Z" duration="0.001296" asserts="0">
              <properties>
                <property name="retryIteration" value="0" />
                <property name="repeatIteration" value="0" />
              </properties>
            </test-case>
            <test-case id="1102" name="ApplyCombatEffect_Damage_Ignored" fullname="Matchmancer.Tests.CharacterRuntimeTests.ApplyCombatEffect_Damage_Ignored" methodname="ApplyCombatEffect_Damage_Ignored" classname="Matchmancer.Tests.CharacterRuntimeTests" runstate="Runnable" seed="181468883" result="Passed" start-time="2026-04-18 13:18:21Z" end-time="2026-04-18 13:18:21Z" duration="0.000262" asserts="0">
              <properties>
                <property name="retryIteration" value="0" />
                <property name="repeatIteration" value="0" />
              </properties>
            </test-case>
            <test-case id="1100" name="ApplyCombatEffect_Defense_AddsShield" fullname="Matchmancer.Tests.CharacterRuntimeTests.ApplyCombatEffect_Defense_AddsShield" methodname="ApplyCombatEffect_Defense_AddsShield" classname="Matchmancer.Tests.CharacterRuntimeTests" runstate="Runnable" seed="705302856" result="Passed" start-time="2026-04-18 13:18:21Z" end-time="2026-04-18 13:18:21Z" duration="0.000136" asserts="0">
              <properties>
                <property name="retryIteration" value="0" />
                <property name="repeatIteration" value="0" />
              </properties>
            </test-case>
            <test-case id="1101" name="ApplyCombatEffect_Energy_AddsToMeter" fullname="Matchmancer.Tests.CharacterRuntimeTests.ApplyCombatEffect_Energy_AddsToMeter" methodname="ApplyCombatEffect_Energy_AddsToMeter" classname="Matchmancer.Tests.CharacterRuntimeTests" runstate="Runnable" seed="554043375" result="Passed" start-time="2026-04-18 13:18:21Z" end-time="2026-04-18 13:18:21Z" duration="0.000123" asserts="0">
              <properties>
                <property name="retryIteration" value="0" />
                <property name="repeatIteration" value="0" />
              </properties>
            </test-case>
            <test-case id="1103" name="ApplyCombatEffect_Luck_Ignored" fullname="Matchmancer.Tests.CharacterRuntimeTests.ApplyCombatEffect_Luck_Ignored" methodname="ApplyCombatEffect_Luck_Ignored" classname="Matchmancer.Tests.CharacterRuntimeTests" runstate="Runnable" seed="309726505" result="Passed" start-time="2026-04-18 13:18:21Z" end-time="2026-04-18 13:18:21Z" duration="0.000127" asserts="0">
              <properties>
                <property name="retryIteration" value="0" />
                <property name="repeatIteration" value="0" />
              </properties>
            </test-case>
            <test-case id="1122" name="AwardXp_AtMaxLevel_NoOp" fullname="Matchmancer.Tests.CharacterRuntimeTests.AwardXp_AtMaxLevel_NoOp" methodname="AwardXp_AtMaxLevel_NoOp" classname="Matchmancer.Tests.CharacterRuntimeTests" runstate="Runnable" seed="153694177" result="Passed" start-time="2026-04-18 13:18:21Z" end-time="2026-04-18 13:18:21Z" duration="0.000245" asserts="0">
              <properties>
                <property name="retryIteration" value="0" />
                <property name="repeatIteration" value="0" />
              </properties>
            </test-case>
            <test-case id="1117" name="AwardXp_BelowThreshold_NoLevelUp" fullname="Matchmancer.Tests.CharacterRuntimeTests.AwardXp_BelowThreshold_NoLevelUp" methodname="AwardXp_BelowThreshold_NoLevelUp" classname="Matchmancer.Tests.CharacterRuntimeTests" runstate="Runnable" seed="364969842" result="Passed" start-time="2026-04-18 13:18:21Z" end-time="2026-04-18 13:18:21Z" duration="0.000137" asserts="0">
              <properties>
                <property name="retryIteration" value="0" />
                <property name="repeatIteration" value="0" />
              </properties>
            </test-case>
            <test-case id="1118" name="AwardXp_CrossesThreshold_LevelsUpOnce" fullname="Matchmancer.Tests.CharacterRuntimeTests.AwardXp_CrossesThreshold_LevelsUpOnce" methodname="AwardXp_CrossesThreshold_LevelsUpOnce" classname="Matchmancer.Tests.CharacterRuntimeTests" runstate="Runnable" seed="1078998514" result="Passed" start-time="2026-04-18 13:18:21Z" end-time="2026-04-18 13:18:21Z" duration="0.000890" asserts="0">
              <properties>
                <property name="retryIteration" value="0" />
                <property name="repeatIteration" value="0" />
              </properties>
            </test-case>
            <test-case id="1120" name="AwardXp_LevelUpHealsForHpGrowth" fullname="Matchmancer.Tests.CharacterRuntimeTests.AwardXp_LevelUpHealsForHpGrowth" methodname="AwardXp_LevelUpHealsForHpGrowth" classname="Matchmancer.Tests.CharacterRuntimeTests" runstate="Runnable" seed="490780444" result="Passed" start-time="2026-04-18 13:18:21Z" end-time="2026-04-18 13:18:21Z" duration="0.000085" asserts="0">
              <properties>
                <property name="retryIteration" value="0" />
                <property name="repeatIteration" value="0" />
              </properties>
            </test-case>
            <test-case id="1119" name="AwardXp_MultiLevelJump_RollsOver" fullname="Matchmancer.Tests.CharacterRuntimeTests.AwardXp_MultiLevelJump_RollsOver" methodname="AwardXp_MultiLevelJump_RollsOver" classname="Matchmancer.Tests.CharacterRuntimeTests" runstate="Runnable" seed="489297289" result="Passed" start-time="2026-04-18 13:18:21Z" end-time="2026-04-18 13:18:21Z" duration="0.000131" asserts="0">
              <properties>
                <property name="retryIteration" value="0" />
                <property name="repeatIteration" value="0" />
              </properties>
            </test-case>
            <test-case id="1121" name="AwardXp_PastCap_ClampsAndZeroesXp" fullname="Matchmancer.Tests.CharacterRuntimeTests.AwardXp_PastCap_ClampsAndZeroesXp" methodname="AwardXp_PastCap_ClampsAndZeroesXp" classname="Matchmancer.Tests.CharacterRuntimeTests" runstate="Runnable" seed="75161037" result="Passed" start-time="2026-04-18 13:18:21Z" end-time="2026-04-18 13:18:21Z" duration="0.000081" asserts="0">
              <properties>
                <property name="retryIteration" value="0" />
                <property name="repeatIteration" value="0" />
              </properties>
            </test-case>
            <test-case id="1123" name="AwardXp_ZeroOrNegative_NoOp" fullname="Matchmancer.Tests.CharacterRuntimeTests.AwardXp_ZeroOrNegative_NoOp" methodname="AwardXp_ZeroOrNegative_NoOp" classname="Matchmancer.Tests.CharacterRuntimeTests" runstate="Runnable" seed="136841006" result="Passed" start-time="2026-04-18 13:18:21Z" end-time="2026-04-18 13:18:21Z" duration="0.000074" asserts="0">
              <properties>
                <property name="retryIteration" value="0" />
                <property name="repeatIteration" value="0" />
              </properties>
            </test-case>
            <test-case id="1086" name="Constructor_Level1_InitialState" fullname="Matchmancer.Tests.CharacterRuntimeTests.Constructor_Level1_InitialState" methodname="Constructor_Level1_InitialState" classname="Matchmancer.Tests.CharacterRuntimeTests" runstate="Runnable" seed="1563311357" result="Passed" start-time="2026-04-18 13:18:21Z" end-time="2026-04-18 13:18:21Z" duration="0.000185" asserts="0">
              <properties>
                <property name="retryIteration" value="0" />
                <property name="repeatIteration" value="0" />
              </properties>
            </test-case>
            <test-case id="1087" name="Constructor_Level3_StatsScaleWithGrowth" fullname="Matchmancer.Tests.CharacterRuntimeTests.Constructor_Level3_StatsScaleWithGrowth" methodname="Constructor_Level3_StatsScaleWithGrowth" classname="Matchmancer.Tests.CharacterRuntimeTests" runstate="Runnable" seed="664877829" result="Passed" start-time="2026-04-18 13:18:21Z" end-time="2026-04-18 13:18:21Z" duration="0.001864" asserts="0">
              <properties>
                <property name="retryIteration" value="0" />
                <property name="repeatIteration" value="0" />
              </properties>
            </test-case>
            <test-case id="1088" name="Constructor_NullTuning_Throws" fullname="Matchmancer.Tests.CharacterRuntimeTests.Constructor_NullTuning_Throws" methodname="Constructor_NullTuning_Throws" classname="Matchmancer.Tests.CharacterRuntimeTests" runstate="Runnable" seed="177970755" result="Passed" start-time="2026-04-18 13:18:21Z" end-time="2026-04-18 13:18:21Z" duration="0.000274" asserts="0">
              <properties>
                <property name="retryIteration" value="0" />
                <property name="repeatIteration" value="0" />
              </properties>
            </test-case>
            <test-case id="1091" name="Constructor_StartingLevelAboveCap_ClampsToCap" fullname="Matchmancer.Tests.CharacterRuntimeTests.Constructor_StartingLevelAboveCap_ClampsToCap" methodname="Constructor_StartingLevelAboveCap_ClampsToCap" classname="Matchmancer.Tests.CharacterRuntimeTests" runstate="Runnable" seed="1128566941" result="Passed" start-time="2026-04-18 13:18:21Z" end-time="2026-04-18 13:18:21Z" duration="0.000102" asserts="0">
              <properties>
                <property name="retryIteration" value="0" />
                <property name="repeatIteration" value="0" />
              </properties>
            </test-case>
            <test-case id="1090" name="Constructor_ZeroBaseMaxHp_Throws" fullname="Matchmancer.Tests.CharacterRuntimeTests.Constructor_ZeroBaseMaxHp_Throws" methodname="Constructor_ZeroBaseMaxHp_Throws" classname="Matchmancer.Tests.CharacterRuntimeTests" runstate="Runnable" seed="269525875" result="Passed" start-time="2026-04-18 13:18:21Z" end-time="2026-04-18 13:18:21Z" duration="0.000147" asserts="0">
              <properties>
                <property name="retryIteration" value="0" />
                <property name="repeatIteration" value="0" />
              </properties>
            </test-case>
            <test-case id="1089" name="Constructor_ZeroLevel_Throws" fullname="Matchmancer.Tests.CharacterRuntimeTests.Constructor_ZeroLevel_Throws" methodname="Constructor_ZeroLevel_Throws" classname="Matchmancer.Tests.CharacterRuntimeTests" runstate="Runnable" seed="371985919" result="Passed" start-time="2026-04-18 13:18:21Z" end-time="2026-04-18 13:18:21Z" duration="0.000106" asserts="0">
              <properties>
                <property name="retryIteration" value="0" />
                <property name="repeatIteration" value="0" />
              </properties>
            </test-case>
            <test-case id="1111" name="ConsumeUltimateMultiplier_FiresOnUltimateReadyFalse" fullname="Matchmancer.Tests.CharacterRuntimeTests.ConsumeUltimateMultiplier_FiresOnUltimateReadyFalse" methodname="ConsumeUltimateMultiplier_FiresOnUltimateReadyFalse" classname="Matchmancer.Tests.CharacterRuntimeTests" runstate="Runnable" seed="388368376" result="Passed" start-time="2026-04-18 13:18:21Z" end-time="2026-04-18 13:18:21Z" duration="0.003280" asserts="0">
              <properties>
                <property name="retryIteration" value="0" />
                <property name="repeatIteration" value="0" />
              </properties>
            </test-case>
            <test-case id="1109" name="ConsumeUltimateMultiplier_NotQueued_ReturnsOne" fullname="Matchmancer.Tests.CharacterRuntimeTests.ConsumeUltimateMultiplier_NotQueued_ReturnsOne" methodname="ConsumeUltimateMultiplier_NotQueued_ReturnsOne" classname="Matchmancer.Tests.CharacterRuntimeTests" runstate="Runnable" seed="1871768744" result="Passed" start-time="2026-04-18 13:18:21Z" end-time="2026-04-18 13:18:21Z" duration="0.000100" asserts="0">
              <properties>
                <property name="retryIteration" value="0" />
                <property name="repeatIteration" value="0" />
              </properties>
            </test-case>
            <test-case id="1110" name="ConsumeUltimateMultiplier_Queued_ReturnsMultAndResets" fullname="Matchmancer.Tests.CharacterRuntimeTests.ConsumeUltimateMultiplier_Queued_ReturnsMultAndResets" methodname="ConsumeUltimateMultiplier_Queued_ReturnsMultAndResets" classname="Matchmancer.Tests.CharacterRuntimeTests" runstate="Runnable" seed="669235208" result="Passed" start-time="2026-04-18 13:18:21Z" end-time="2026-04-18 13:18:21Z" duration="0.000109" asserts="0">
              <properties>
                <property name="retryIteration" value="0" />
                <property name="repeatIteration" value="0" />
              </properties>
            </test-case>
            <test-case id="1112" name="Heal_ClampsToMaxHp" fullname="Matchmancer.Tests.CharacterRuntimeTests.Heal_ClampsToMaxHp" methodname="Heal_ClampsToMaxHp" classname="Matchmancer.Tests.CharacterRuntimeTests" runstate="Runnable" seed="1984555103" result="Passed" start-time="2026-04-18 13:18:21Z" end-time="2026-04-18 13:18:21Z" duration="0.000177" asserts="0">
              <properties>
                <property name="retryIteration" value="0" />
                <property name="repeatIteration" value="0" />
              </properties>
            </test-case>
            <test-case id="1114" name="Heal_DefeatedNoOp" fullname="Matchmancer.Tests.CharacterRuntimeTests.Heal_DefeatedNoOp" methodname="Heal_DefeatedNoOp" classname="Matchmancer.Tests.CharacterRuntimeTests" runstate="Runnable" seed="890997815" result="Passed" start-time="2026-04-18 13:18:21Z" end-time="2026-04-18 13:18:21Z" duration="0.000094" asserts="0">
              <properties>
                <property name="retryIteration" value="0" />
                <property name="repeatIteration" value="0" />
              </properties>
            </test-case>
            <test-case id="1113" name="Heal_ZeroAmount_NoOp" fullname="Matchmancer.Tests.CharacterRuntimeTests.Heal_ZeroAmount_NoOp" methodname="Heal_ZeroAmount_NoOp" classname="Matchmancer.Tests.CharacterRuntimeTests" runstate="Runnable" seed="1579473889" result="Passed" start-time="2026-04-18 13:18:21Z" end-time="2026-04-18 13:18:21Z" duration="0.000098" asserts="0">
              <properties>
                <property name="retryIteration" value="0" />
                <property name="repeatIteration" value="0" />
              </properties>
            </test-case>
            <test-case id="1107" name="QueueUltimate_NotReady_ReturnsFalse" fullname="Matchmancer.Tests.CharacterRuntimeTests.QueueUltimate_NotReady_ReturnsFalse" methodname="QueueUltimate_NotReady_ReturnsFalse" classname="Matchmancer.Tests.CharacterRuntimeTests" runstate="Runnable" seed="371965888" result="Passed" start-time="2026-04-18 13:18:21Z" end-time="2026-04-18 13:18:21Z" duration="0.000073" asserts="0">
              <properties>
                <property name="retryIteration" value="0" />
                <property name="repeatIteration" value="0" />
              </properties>
            </test-case>
            <test-case id="1108" name="QueueUltimate_Ready_ReturnsTrueAndQueues" fullname="Matchmancer.Tests.CharacterRuntimeTests.QueueUltimate_Ready_ReturnsTrueAndQueues" methodname="QueueUltimate_Ready_ReturnsTrueAndQueues" classname="Matchmancer.Tests.CharacterRuntimeTests" runstate="Runnable" seed="1274962112" result="Passed" start-time="2026-04-18 13:18:21Z" end-time="2026-04-18 13:18:21Z" duration="0.000069" asserts="0">
              <properties>
                <property name="retryIteration" value="0" />
                <property name="repeatIteration" value="0" />
              </properties>
            </test-case>
            <test-case id="1098" name="TakeEnemyDamage_DefeatedCharacter_NoOp" fullname="Matchmancer.Tests.CharacterRuntimeTests.TakeEnemyDamage_DefeatedCharacter_NoOp" methodname="TakeEnemyDamage_DefeatedCharacter_NoOp" classname="Matchmancer.Tests.CharacterRuntimeTests" runstate="Runnable" seed="923669345" result="Passed" start-time="2026-04-18 13:18:21Z" end-time="2026-04-18 13:18:21Z" duration="0.000086" asserts="0">
              <properties>
                <property name="retryIteration" value="0" />
                <property name="repeatIteration" value="0" />
              </properties>
            </test-case>
            <test-case id="1099" name="TakeEnemyDamage_FiresOnHpChangedAndOnDamageTaken" fullname="Matchmancer.Tests.CharacterRuntimeTests.TakeEnemyDamage_FiresOnHpChangedAndOnDamageTaken" methodname="TakeEnemyDamage_FiresOnHpChangedAndOnDamageTaken" classname="Matchmancer.Tests.CharacterRuntimeTests" runstate="Runnable" seed="1830694666" result="Passed" start-time="2026-04-18 13:18:21Z" end-time="2026-04-18 13:18:21Z" duration="0.000336" asserts="0">
              <properties>
                <property name="retryIteration" value="0" />
                <property name="repeatIteration" value="0" />
              </properties>
            </test-case>
            <test-case id="1097" name="TakeEnemyDamage_Overkill_ClampsToZeroAndDefeats" fullname="Matchmancer.Tests.CharacterRuntimeTests.TakeEnemyDamage_Overkill_ClampsToZeroAndDefeats" methodname="TakeEnemyDamage_Overkill_ClampsToZeroAndDefeats" classname="Matchmancer.Tests.CharacterRuntimeTests" runstate="Runnable" seed="258304535" result="Passed" start-time="2026-04-18 13:18:21Z" end-time="2026-04-18 13:18:21Z" duration="0.000172" asserts="0">
              <properties>
                <property name="retryIteration" value="0" />
                <property name="repeatIteration" value="0" />
              </properties>
            </test-case>
            <test-case id="1094" name="TakeEnemyDamage_Shield_AbsorbsFirst" fullname="Matchmancer.Tests.CharacterRuntimeTests.TakeEnemyDamage_Shield_AbsorbsFirst" methodname="TakeEnemyDamage_Shield_AbsorbsFirst" classname="Matchmancer.Tests.CharacterRuntimeTests" runstate="Runnable" seed="1461393386" result="Passed" start-time="2026-04-18 13:18:21Z" end-time="2026-04-18 13:18:21Z" duration="0.000095" asserts="0">
              <properties>
                <property name="retryIteration" value="0" />
                <property name="repeatIteration" value="0" />
              </properties>
            </test-case>
            <test-case id="1095" name="TakeEnemyDamage_Shield_Overflow_GoesToHp" fullname="Matchmancer.Tests.CharacterRuntimeTests.TakeEnemyDamage_Shield_Overflow_GoesToHp" methodname="TakeEnemyDamage_Shield_Overflow_GoesToHp" classname="Matchmancer.Tests.CharacterRuntimeTests" runstate="Runnable" seed="942794862" result="Passed" start-time="2026-04-18 13:18:21Z" end-time="2026-04-18 13:18:21Z" duration="0.000088" asserts="0">
              <properties>
                <property name="retryIteration" value="0" />
                <property name="repeatIteration" value="0" />
              </properties>
            </test-case>
            <test-case id="1093" name="TakeEnemyDamage_SmallerThanDefense_MinOneChip" fullname="Matchmancer.Tests.CharacterRuntimeTests.TakeEnemyDamage_SmallerThanDefense_MinOneChip" methodname="TakeEnemyDamage_SmallerThanDefense_MinOneChip" classname="Matchmancer.Tests.CharacterRuntimeTests" runstate="Runnable" seed="1353888889" result="Passed" start-time="2026-04-18 13:18:21Z" end-time="2026-04-18 13:18:21Z" duration="0.000077" asserts="0">
              <properties>
                <property name="retryIteration" value="0" />
                <property name="repeatIteration" value="0" />
              </properties>
            </test-case>
            <test-case id="1092" name="TakeEnemyDamage_WithDefense_SubtractsFlat" fullname="Matchmancer.Tests.CharacterRuntimeTests.TakeEnemyDamage_WithDefense_SubtractsFlat" methodname="TakeEnemyDamage_WithDefense_SubtractsFlat" classname="Matchmancer.Tests.CharacterRuntimeTests" runstate="Runnable" seed="539103083" result="Passed" start-time="2026-04-18 13:18:21Z" end-time="2026-04-18 13:18:21Z" duration="0.000078" asserts="0">
              <properties>
                <property name="retryIteration" value="0" />
                <property name="repeatIteration" value="0" />
              </properties>
            </test-case>
            <test-case id="1096" name="TakeEnemyDamage_ZeroOrNegative_NoOp" fullname="Matchmancer.Tests.CharacterRuntimeTests.TakeEnemyDamage_ZeroOrNegative_NoOp" methodname="TakeEnemyDamage_ZeroOrNegative_NoOp" classname="Matchmancer.Tests.CharacterRuntimeTests" runstate="Runnable" seed="1095639581" result="Passed" start-time="2026-04-18 13:18:21Z" end-time="2026-04-18 13:18:21Z" duration="0.000067" asserts="0">
              <properties>
                <property name="retryIteration" value="0" />
                <property name="repeatIteration" value="0" />
              </properties>
            </test-case>
            <test-case id="1125" name="XpToNextLevel_AtCap_ReturnsZero" fullname="Matchmancer.Tests.CharacterRuntimeTests.XpToNextLevel_AtCap_ReturnsZero" methodname="XpToNextLevel_AtCap_ReturnsZero" classname="Matchmancer.Tests.CharacterRuntimeTests" runstate="Runnable" seed="93515220" result="Passed" start-time="2026-04-18 13:18:21Z" end-time="2026-04-18 13:18:21Z" duration="0.000072" asserts="0">
              <properties>
                <property name="retryIteration" value="0" />
                <property name="repeatIteration" value="0" />
              </properties>
            </test-case>
            <test-case id="1124" name="XpToNextLevel_Level1_Returns100" fullname="Matchmancer.Tests.CharacterRuntimeTests.XpToNextLevel_Level1_Returns100" methodname="XpToNextLevel_Level1_Returns100" classname="Matchmancer.Tests.CharacterRuntimeTests" runstate="Runnable" seed="1891998538" result="Passed" start-time="2026-04-18 13:18:21Z" end-time="2026-04-18 13:18:21Z" duration="0.000066" asserts="0">
              <properties>
                <property name="retryIteration" value="0" />
                <property name="repeatIteration" value="0" />
              </properties>
            </test-case>
          </test-suite>
          <test-suite type="TestFixture" id="1126" name="CombatFormulaTests" fullname="Matchmancer.Tests.CombatFormulaTests" classname="Matchmancer.Tests.CombatFormulaTests" runstate="Runnable" testcasecount="26" result="Passed" start-time="2026-04-18 13:18:21Z" end-time="2026-04-18 13:18:21Z" duration="0.010722" total="26" passed="26" failed="0" inconclusive="0" skipped="0" asserts="0">
            <properties />
            <test-case id="1152" name="CalculateArmorDamage_BelowMin_ReturnsZero" fullname="Matchmancer.Tests.CombatFormulaTests.CalculateArmorDamage_BelowMin_ReturnsZero" methodname="CalculateArmorDamage_BelowMin_ReturnsZero" classname="Matchmancer.Tests.CombatFormulaTests" runstate="Runnable" seed="489311342" result="Passed" start-time="2026-04-18 13:18:21Z" end-time="2026-04-18 13:18:21Z" duration="0.000231" asserts="0">
              <properties>
                <property name="retryIteration" value="0" />
                <property name="repeatIteration" value="0" />
              </properties>
            </test-case>
            <test-case id="1151" name="CalculateArmorDamage_Match3_ReturnsPerTileTimesSize" fullname="Matchmancer.Tests.CombatFormulaTests.CalculateArmorDamage_Match3_ReturnsPerTileTimesSize" methodname="CalculateArmorDamage_Match3_ReturnsPerTileTimesSize" classname="Matchmancer.Tests.CombatFormulaTests" runstate="Runnable" seed="1216789939" result="Passed" start-time="2026-04-18 13:18:21Z" end-time="2026-04-18 13:18:21Z" duration="0.000104" asserts="0">
              <properties>
                <property name="retryIteration" value="0" />
                <property name="repeatIteration" value="0" />
              </properties>
            </test-case>
            <test-case id="1136" name="CalculateDamage_BelowMinMatchSize_ReturnsZero" fullname="Matchmancer.Tests.CombatFormulaTests.CalculateDamage_BelowMinMatchSize_ReturnsZero" methodname="CalculateDamage_BelowMinMatchSize_ReturnsZero" classname="Matchmancer.Tests.CombatFormulaTests" runstate="Runnable" seed="501634277" result="Passed" start-time="2026-04-18 13:18:21Z" end-time="2026-04-18 13:18:21Z" duration="0.000274" asserts="0">
              <properties>
                <property name="retryIteration" value="0" />
                <property name="repeatIteration" value="0" />
              </properties>
            </test-case>
            <test-case id="1143" name="CalculateDamage_CharacterAttack_ScalesLinearly" fullname="Matchmancer.Tests.CombatFormulaTests.CalculateDamage_CharacterAttack_ScalesLinearly" methodname="CalculateDamage_CharacterAttack_ScalesLinearly" classname="Matchmancer.Tests.CombatFormulaTests" runstate="Runnable" seed="972838509" result="Passed" start-time="2026-04-18 13:18:21Z" end-time="2026-04-18 13:18:21Z" duration="0.000461" asserts="0">
              <properties>
                <property name="retryIteration" value="0" />
                <property name="repeatIteration" value="0" />
              </properties>
            </test-case>
            <test-case id="1139" name="CalculateDamage_Combo_AppliesComboMultiplier" fullname="Matchmancer.Tests.CombatFormulaTests.CalculateDamage_Combo_AppliesComboMultiplier" methodname="CalculateDamage_Combo_AppliesComboMultiplier" classname="Matchmancer.Tests.CombatFormulaTests" runstate="Runnable" seed="1523980056" result="Passed" start-time="2026-04-18 13:18:21Z" end-time="2026-04-18 13:18:21Z" duration="0.000078" asserts="0">
              <properties>
                <property name="retryIteration" value="0" />
                <property name="repeatIteration" value="0" />
              </properties>
            </test-case>
            <test-case id="1140" name="CalculateDamage_Crit_AppliesCritMultiplier" fullname="Matchmancer.Tests.CombatFormulaTests.CalculateDamage_Crit_AppliesCritMultiplier" methodname="CalculateDamage_Crit_AppliesCritMultiplier" classname="Matchmancer.Tests.CombatFormulaTests" runstate="Runnable" seed="1884612879" result="Passed" start-time="2026-04-18 13:18:21Z" end-time="2026-04-18 13:18:21Z" duration="0.000115" asserts="0">
              <properties>
                <property name="retryIteration" value="0" />
                <property name="repeatIteration" value="0" />
              </properties>
            </test-case>
            <test-case id="1142" name="CalculateDamage_Defense_NeverNegative" fullname="Matchmancer.Tests.CombatFormulaTests.CalculateDamage_Defense_NeverNegative" methodname="CalculateDamage_Defense_NeverNegative" classname="Matchmancer.Tests.CombatFormulaTests" runstate="Runnable" seed="1789744289" result="Passed" start-time="2026-04-18 13:18:21Z" end-time="2026-04-18 13:18:21Z" duration="0.000070" asserts="0">
              <properties>
                <property name="retryIteration" value="0" />
                <property name="repeatIteration" value="0" />
              </properties>
            </test-case>
            <test-case id="1141" name="CalculateDamage_Defense_SubtractsFlat" fullname="Matchmancer.Tests.CombatFormulaTests.CalculateDamage_Defense_SubtractsFlat" methodname="CalculateDamage_Defense_SubtractsFlat" classname="Matchmancer.Tests.CombatFormulaTests" runstate="Runnable" seed="43877443" result="Passed" start-time="2026-04-18 13:18:21Z" end-time="2026-04-18 13:18:21Z" duration="0.000074" asserts="0">
              <properties>
                <property name="retryIteration" value="0" />
                <property name="repeatIteration" value="0" />
              </properties>
            </test-case>
            <test-case id="1137" name="CalculateDamage_Match3_BaselineNoCrit" fullname="Matchmancer.Tests.CombatFormulaTests.CalculateDamage_Match3_BaselineNoCrit" methodname="CalculateDamage_Match3_BaselineNoCrit" classname="Matchmancer.Tests.CombatFormulaTests" runstate="Runnable" seed="1213420223" result="Passed" start-time="2026-04-18 13:18:21Z" end-time="2026-04-18 13:18:21Z" duration="0.000074" asserts="0">
[...]
            </test-case>
            <test-case id="1586" name="Equip_NullOrEmpty_Unequips" fullname="Matchmancer.Tests.TitleSystemTests.Equip_NullOrEmpty_Unequips" methodname="Equip_NullOrEmpty_Unequips" classname="Matchmancer.Tests.TitleSystemTests" runstate="Runnable" seed="328545496" result="Passed" start-time="2026-04-18 13:18:22Z" end-time="2026-04-18 13:18:22Z" duration="0.000196" asserts="0">
              <properties>
                <property name="retryIteration" value="0" />
                <property name="repeatIteration" value="0" />
              </properties>
            </test-case>
            <test-case id="1583" name="Equip_Owned_FiresEquipped" fullname="Matchmancer.Tests.TitleSystemTests.Equip_Owned_FiresEquipped" methodname="Equip_Owned_FiresEquipped" classname="Matchmancer.Tests.TitleSystemTests" runstate="Runnable" seed="314060119" result="Passed" start-time="2026-04-18 13:18:22Z" end-time="2026-04-18 13:18:22Z" duration="0.000175" asserts="0">
              <properties>
                <property name="retryIteration" value="0" />
                <property name="repeatIteration" value="0" />
              </properties>
            </test-case>
            <test-case id="1584" name="Equip_SameTitleTwice_NoOp" fullname="Matchmancer.Tests.TitleSystemTests.Equip_SameTitleTwice_NoOp" methodname="Equip_SameTitleTwice_NoOp" classname="Matchmancer.Tests.TitleSystemTests" runstate="Runnable" seed="1263697562" result="Passed" start-time="2026-04-18 13:18:22Z" end-time="2026-04-18 13:18:22Z" duration="0.000205" asserts="0">
              <properties>
                <property name="retryIteration" value="0" />
                <property name="repeatIteration" value="0" />
              </properties>
            </test-case>
            <test-case id="1578" name="HasDefinition_AfterRegister_True" fullname="Matchmancer.Tests.TitleSystemTests.HasDefinition_AfterRegister_True" methodname="HasDefinition_AfterRegister_True" classname="Matchmancer.Tests.TitleSystemTests" runstate="Runnable" seed="905941299" result="Passed" start-time="2026-04-18 13:18:22Z" end-time="2026-04-18 13:18:22Z" duration="0.000143" asserts="0">
              <properties>
                <property name="retryIteration" value="0" />
                <property name="repeatIteration" value="0" />
              </properties>
            </test-case>
            <test-case id="1593" name="LoadSnapshot_EquippedNotOwned_DropsEquipped" fullname="Matchmancer.Tests.TitleSystemTests.LoadSnapshot_EquippedNotOwned_DropsEquipped" methodname="LoadSnapshot_EquippedNotOwned_DropsEquipped" classname="Matchmancer.Tests.TitleSystemTests" runstate="Runnable" seed="1278270876" result="Passed" start-time="2026-04-18 13:18:22Z" end-time="2026-04-18 13:18:22Z" duration="0.000158" asserts="0">
              <properties>
                <property name="retryIteration" value="0" />
                <property name="repeatIteration" value="0" />
              </properties>
            </test-case>
            <test-case id="1577" name="RegisterTitle_NullOrEmptyId_Throws" fullname="Matchmancer.Tests.TitleSystemTests.RegisterTitle_NullOrEmptyId_Throws" methodname="RegisterTitle_NullOrEmptyId_Throws" classname="Matchmancer.Tests.TitleSystemTests" runstate="Runnable" seed="610840150" result="Passed" start-time="2026-04-18 13:18:22Z" end-time="2026-04-18 13:18:22Z" duration="0.000181" asserts="0">
              <properties>
                <property name="retryIteration" value="0" />
                <property name="repeatIteration" value="0" />
              </properties>
            </test-case>
            <test-case id="1592" name="Snapshot_RoundTrip_PreservesOwnedAndEquipped" fullname="Matchmancer.Tests.TitleSystemTests.Snapshot_RoundTrip_PreservesOwnedAndEquipped" methodname="Snapshot_RoundTrip_PreservesOwnedAndEquipped" classname="Matchmancer.Tests.TitleSystemTests" runstate="Runnable" seed="2022381148" result="Passed" start-time="2026-04-18 13:18:22Z" end-time="2026-04-18 13:18:22Z" duration="0.000125" asserts="0">
              <properties>
                <property name="retryIteration" value="0" />
                <property name="repeatIteration" value="0" />
              </properties>
            </test-case>
            <test-case id="1587" name="Unequip_WhenNothingEquipped_NoOp" fullname="Matchmancer.Tests.TitleSystemTests.Unequip_WhenNothingEquipped_NoOp" methodname="Unequip_WhenNothingEquipped_NoOp" classname="Matchmancer.Tests.TitleSystemTests" runstate="Runnable" seed="1187627761" result="Passed" start-time="2026-04-18 13:18:22Z" end-time="2026-04-18 13:18:22Z" duration="0.000133" asserts="0">
              <properties>
                <property name="retryIteration" value="0" />
                <property name="repeatIteration" value="0" />
              </properties>
            </test-case>
            <test-case id="1579" name="UnlockTitle_FirstTime_FiresEvent" fullname="Matchmancer.Tests.TitleSystemTests.UnlockTitle_FirstTime_FiresEvent" methodname="UnlockTitle_FirstTime_FiresEvent" classname="Matchmancer.Tests.TitleSystemTests" runstate="Runnable" seed="85275002" result="Passed" start-time="2026-04-18 13:18:22Z" end-time="2026-04-18 13:18:22Z" duration="0.000185" asserts="0">
              <properties>
                <property name="retryIteration" value="0" />
                <property name="repeatIteration" value="0" />
              </properties>
            </test-case>
            <test-case id="1580" name="UnlockTitle_Twice_NoOpSecondTime" fullname="Matchmancer.Tests.TitleSystemTests.UnlockTitle_Twice_NoOpSecondTime" methodname="UnlockTitle_Twice_NoOpSecondTime" classname="Matchmancer.Tests.TitleSystemTests" runstate="Runnable" seed="1948448765" result="Passed" start-time="2026-04-18 13:18:22Z" end-time="2026-04-18 13:18:22Z" duration="0.000115" asserts="0">
              <properties>
                <property name="retryIteration" value="0" />
                <property name="repeatIteration" value="0" />
              </properties>
            </test-case>
            <test-case id="1581" name="UnlockTitle_Unknown_ReturnsFalse" fullname="Matchmancer.Tests.TitleSystemTests.UnlockTitle_Unknown_ReturnsFalse" methodname="UnlockTitle_Unknown_ReturnsFalse" classname="Matchmancer.Tests.TitleSystemTests" runstate="Runnable" seed="1302814259" result="Passed" start-time="2026-04-18 13:18:22Z" end-time="2026-04-18 13:18:22Z" duration="0.000129" asserts="0">
              <properties>
                <property name="retryIteration" value="0" />
                <property name="repeatIteration" value="0" />
              </properties>
            </test-case>
            <test-case id="1588" name="WireToTracker_AchievementUnlock_GrantsTitle" fullname="Matchmancer.Tests.TitleSystemTests.WireToTracker_AchievementUnlock_GrantsTitle" methodname="WireToTracker_AchievementUnlock_GrantsTitle" classname="Matchmancer.Tests.TitleSystemTests" runstate="Runnable" seed="1668024237" result="Passed" start-time="2026-04-18 13:18:22Z" end-time="2026-04-18 13:18:22Z" duration="0.000157" asserts="0">
              <properties>
                <property name="retryIteration" value="0" />
                <property name="repeatIteration" value="0" />
              </properties>
            </test-case>
            <test-case id="1589" name="WireToTracker_AchievementWithoutReward_NoTitleGranted" fullname="Matchmancer.Tests.TitleSystemTests.WireToTracker_AchievementWithoutReward_NoTitleGranted" methodname="WireToTracker_AchievementWithoutReward_NoTitleGranted" classname="Matchmancer.Tests.TitleSystemTests" runstate="Runnable" seed="1004317893" result="Passed" start-time="2026-04-18 13:18:22Z" end-time="2026-04-18 13:18:22Z" duration="0.000117" asserts="0">
              <properties>
                <property name="retryIteration" value="0" />
                <property name="repeatIteration" value="0" />
              </properties>
            </test-case>
            <test-case id="1590" name="WireToTracker_RewardingUnregisteredTitle_GracefullySkipped" fullname="Matchmancer.Tests.TitleSystemTests.WireToTracker_RewardingUnregisteredTitle_GracefullySkipped" methodname="WireToTracker_RewardingUnregisteredTitle_GracefullySkipped" classname="Matchmancer.Tests.TitleSystemTests" runstate="Runnable" seed="1792080320" result="Passed" start-time="2026-04-18 13:18:22Z" end-time="2026-04-18 13:18:22Z" duration="0.000128" asserts="0">
              <properties>
                <property name="retryIteration" value="0" />
                <property name="repeatIteration" value="0" />
              </properties>
            </test-case>
            <test-case id="1591" name="WireToTracker_Twice_OnlyLatestTrackerIsListened" fullname="Matchmancer.Tests.TitleSystemTests.WireToTracker_Twice_OnlyLatestTrackerIsListened" methodname="WireToTracker_Twice_OnlyLatestTrackerIsListened" classname="Matchmancer.Tests.TitleSystemTests" runstate="Runnable" seed="362749253" result="Passed" start-time="2026-04-18 13:18:22Z" end-time="2026-04-18 13:18:22Z" duration="0.001441" asserts="0">
              <properties>
                <property name="retryIteration" value="0" />
                <property name="repeatIteration" value="0" />
              </properties>
            </test-case>
          </test-suite>
          <test-suite type="TestFixture" id="1594" name="WalletTests" fullname="Matchmancer.Tests.WalletTests" classname="Matchmancer.Tests.WalletTests" runstate="Runnable" testcasecount="18" result="Passed" start-time="2026-04-18 13:18:22Z" end-time="2026-04-18 13:18:22Z" duration="0.021180" total="18" passed="18" failed="0" inconclusive="0" skipped="0" asserts="0">
            <properties />
            <test-case id="1608" name="CanAfford_False_WhenNot" fullname="Matchmancer.Tests.WalletTests.CanAfford_False_WhenNot" methodname="CanAfford_False_WhenNot" classname="Matchmancer.Tests.WalletTests" runstate="Runnable" seed="1833294006" result="Passed" start-time="2026-04-18 13:18:22Z" end-time="2026-04-18 13:18:22Z" duration="0.000254" asserts="0">
              <properties>
                <property name="retryIteration" value="0" />
                <property name="repeatIteration" value="0" />
              </properties>
            </test-case>
            <test-case id="1609" name="CanAfford_Negative_False" fullname="Matchmancer.Tests.WalletTests.CanAfford_Negative_False" methodname="CanAfford_Negative_False" classname="Matchmancer.Tests.WalletTests" runstate="Runnable" seed="1948385587" result="Passed" start-time="2026-04-18 13:18:22Z" end-time="2026-04-18 13:18:22Z" duration="0.000146" asserts="0">
              <properties>
                <property name="retryIteration" value="0" />
                <property name="repeatIteration" value="0" />
              </properties>
            </test-case>
            <test-case id="1607" name="CanAfford_True_WhenEnough" fullname="Matchmancer.Tests.WalletTests.CanAfford_True_WhenEnough" methodname="CanAfford_True_WhenEnough" classname="Matchmancer.Tests.WalletTests" runstate="Runnable" seed="135889657" result="Passed" start-time="2026-04-18 13:18:22Z" end-time="2026-04-18 13:18:22Z" duration="0.000145" asserts="0">
              <properties>
                <property name="retryIteration" value="0" />
                <property name="repeatIteration" value="0" />
              </properties>
            </test-case>
            <test-case id="1600" name="Earn_FiresEvent" fullname="Matchmancer.Tests.WalletTests.Earn_FiresEvent" methodname="Earn_FiresEvent" classname="Matchmancer.Tests.WalletTests" runstate="Runnable" seed="1591593129" result="Passed" start-time="2026-04-18 13:18:22Z" end-time="2026-04-18 13:18:22Z" duration="0.000397" asserts="0">
              <properties>
                <property name="retryIteration" value="0" />
                <property name="repeatIteration" value="0" />
              </properties>
            </test-case>
            <test-case id="1596" name="Earn_IncreasesBalance" fullname="Matchmancer.Tests.WalletTests.Earn_IncreasesBalance" methodname="Earn_IncreasesBalance" classname="Matchmancer.Tests.WalletTests" runstate="Runnable" seed="538394598" result="Passed" start-time="2026-04-18 13:18:22Z" end-time="2026-04-18 13:18:22Z" duration="0.001533" asserts="0">
              <properties>
                <property name="retryIteration" value="0" />
                <property name="repeatIteration" value="0" />
              </properties>
            </test-case>
            <test-case id="1597" name="Earn_MultipleAdds" fullname="Matchmancer.Tests.WalletTests.Earn_MultipleAdds" methodname="Earn_MultipleAdds" classname="Matchmancer.Tests.WalletTests" runstate="Runnable" seed="698743953" result="Passed" start-time="2026-04-18 13:18:22Z" end-time="2026-04-18 13:18:22Z" duration="0.000415" asserts="0">
              <properties>
                <property name="retryIteration" value="0" />
                <property name="repeatIteration" value="0" />
              </properties>
            </test-case>
            <test-case id="1599" name="Earn_Negative_NoOp" fullname="Matchmancer.Tests.WalletTests.Earn_Negative_NoOp" methodname="Earn_Negative_NoOp" classname="Matchmancer.Tests.WalletTests" runstate="Runnable" seed="313424420" result="Passed" start-time="2026-04-18 13:18:22Z" end-time="2026-04-18 13:18:22Z" duration="0.000445" asserts="0">
              <properties>
                <property name="retryIteration" value="0" />
                <property name="repeatIteration" value="0" />
              </properties>
            </test-case>
            <test-case id="1598" name="Earn_Zero_NoOp" fullname="Matchmancer.Tests.WalletTests.Earn_Zero_NoOp" methodname="Earn_Zero_NoOp" classname="Matchmancer.Tests.WalletTests" runstate="Runnable" seed="567171727" result="Passed" start-time="2026-04-18 13:18:22Z" end-time="2026-04-18 13:18:22Z" duration="0.000278" asserts="0">
              <properties>
                <property name="retryIteration" value="0" />
                <property name="repeatIteration" value="0" />
              </properties>
            </test-case>
            <test-case id="1595" name="NewWallet_ZeroBalance" fullname="Matchmancer.Tests.WalletTests.NewWallet_ZeroBalance" methodname="NewWallet_ZeroBalance" classname="Matchmancer.Tests.WalletTests" runstate="Runnable" seed="271753146" result="Passed" start-time="2026-04-18 13:18:22Z" end-time="2026-04-18 13:18:22Z" duration="0.000166" asserts="0">
              <properties>
                <property name="retryIteration" value="0" />
                <property name="repeatIteration" value="0" />
              </properties>
            </test-case>
            <test-case id="1612" name="SetBalanceRaw_ClampsNegative" fullname="Matchmancer.Tests.WalletTests.SetBalanceRaw_ClampsNegative" methodname="SetBalanceRaw_ClampsNegative" classname="Matchmancer.Tests.WalletTests" runstate="Runnable" seed="989258110" result="Passed" start-time="2026-04-18 13:18:22Z" end-time="2026-04-18 13:18:22Z" duration="0.000172" asserts="0">
              <properties>
                <property name="retryIteration" value="0" />
                <property name="repeatIteration" value="0" />
              </properties>
            </test-case>
            <test-case id="1611" name="Snapshot_NullNoOp" fullname="Matchmancer.Tests.WalletTests.Snapshot_NullNoOp" methodname="Snapshot_NullNoOp" classname="Matchmancer.Tests.WalletTests" runstate="Runnable" seed="1029729483" result="Passed" start-time="2026-04-18 13:18:22Z" end-time="2026-04-18 13:18:22Z" duration="0.000200" asserts="0">
              <properties>
                <property name="retryIteration" value="0" />
                <property name="repeatIteration" value="0" />
              </properties>
            </test-case>
            <test-case id="1610" name="Snapshot_RoundTrips" fullname="Matchmancer.Tests.WalletTests.Snapshot_RoundTrips" methodname="Snapshot_RoundTrips" classname="Matchmancer.Tests.WalletTests" runstate="Runnable" seed="969959332" result="Passed" start-time="2026-04-18 13:18:22Z" end-time="2026-04-18 13:18:22Z" duration="0.000156" asserts="0">
              <properties>
                <property name="retryIteration" value="0" />
                <property name="repeatIteration" value="0" />
              </properties>
            </test-case>
            <test-case id="1601" name="Spend_DeductsBalance" fullname="Matchmancer.Tests.WalletTests.Spend_DeductsBalance" methodname="Spend_DeductsBalance" classname="Matchmancer.Tests.WalletTests" runstate="Runnable" seed="206919339" result="Passed" start-time="2026-04-18 13:18:22Z" end-time="2026-04-18 13:18:22Z" duration="0.000108" asserts="0">
              <properties>
                <property name="retryIteration" value="0" />
                <property name="repeatIteration" value="0" />
              </properties>
            </test-case>
            <test-case id="1602" name="Spend_ExactBalance_Succeeds" fullname="Matchmancer.Tests.WalletTests.Spend_ExactBalance_Succeeds" methodname="Spend_ExactBalance_Succeeds" classname="Matchmancer.Tests.WalletTests" runstate="Runnable" seed="536978579" result="Passed" start-time="2026-04-18 13:18:22Z" end-time="2026-04-18 13:18:22Z" duration="0.000099" asserts="0">
              <properties>
                <property name="retryIteration" value="0" />
                <property name="repeatIteration" value="0" />
              </properties>
            </test-case>
            <test-case id="1606" name="Spend_FiresEvent" fullname="Matchmancer.Tests.WalletTests.Spend_FiresEvent" methodname="Spend_FiresEvent" classname="Matchmancer.Tests.WalletTests" runstate="Runnable" seed="128621404" result="Passed" start-time="2026-04-18 13:18:22Z" end-time="2026-04-18 13:18:22Z" duration="0.001023" asserts="0">
              <properties>
                <property name="retryIteration" value="0" />
                <property name="repeatIteration" value="0" />
              </properties>
            </test-case>
            <test-case id="1603" name="Spend_InsufficientFunds_Fails" fullname="Matchmancer.Tests.WalletTests.Spend_InsufficientFunds_Fails" methodname="Spend_InsufficientFunds_Fails" classname="Matchmancer.Tests.WalletTests" runstate="Runnable" seed="1021824936" result="Passed" start-time="2026-04-18 13:18:22Z" end-time="2026-04-18 13:18:22Z" duration="0.000139" asserts="0">
              <properties>
                <property name="retryIteration" value="0" />
                <property name="repeatIteration" value="0" />
              </properties>
            </test-case>
            <test-case id="1605" name="Spend_Negative_Fails" fullname="Matchmancer.Tests.WalletTests.Spend_Negative_Fails" methodname="Spend_Negative_Fails" classname="Matchmancer.Tests.WalletTests" runstate="Runnable" seed="1714496097" result="Passed" start-time="2026-04-18 13:18:22Z" end-time="2026-04-18 13:18:22Z" duration="0.000103" asserts="0">
              <properties>
                <property name="retryIteration" value="0" />
                <property name="repeatIteration" value="0" />
              </properties>
            </test-case>
            <test-case id="1604" name="Spend_Zero_AlwaysSucceeds" fullname="Matchmancer.Tests.WalletTests.Spend_Zero_AlwaysSucceeds" methodname="Spend_Zero_AlwaysSucceeds" classname="Matchmancer.Tests.WalletTests" runstate="Runnable" seed="1312994840" result="Passed" start-time="2026-04-18 13:18:22Z" end-time="2026-04-18 13:18:22Z" duration="0.000095" asserts="0">
              <properties>
                <property name="retryIteration" value="0" />
                <property name="repeatIteration" value="0" />
              </properties>
              <output><![CDATA[Saving results to: /Users/marknp/Library/Application Support/DefaultCompany/SoulstreamMatchmancer/TestResults.xml
]]></output>
            </test-case>
          </test-suite>
        </test-suite>
      </test-suite>
    </test-suite>
  </test-suite>
</test-run>